1595958549450	mozrunner::runner	INFO	Running command: "C:\\Program Files\\Mozilla Firefox\\firefox.exe" "-marionette" "-foreground" "-no-remote" "-profile" "C:\\Users\\admin\\AppData\\Local\\Temp\\rust_mozprofilemVNZT6"
JavaScript error: resource://gre/modules/XULStore.jsm, line 66: Error: Can't find profile directory.
1595958553327	Marionette	INFO	Listening on port 53911
1595958553585	Marionette	WARN	TLS certificate errors will be ignored for this session
JavaScript warning: https://duckduckgo.com/d2828.js, line 1: unreachable code after return statement
JavaScript warning: https://duckduckgo.com/d2828.js, line 1: unreachable code after return statement
JavaScript warning: https://duckduckgo.com/d2828.js, line 1: unreachable code after return statement
JavaScript warning: https://duckduckgo.com/d2828.js, line 1: unreachable code after return statement
JavaScript warning: https://duckduckgo.com/d2828.js, line 1: unreachable code after return statement
JavaScript warning: https://duckduckgo.com/d2828.js, line 1: unreachable code after return statement
JavaScript warning: https://duckduckgo.com/d2828.js, line 1: unreachable code after return statement
JavaScript warning: https://duckduckgo.com/d2828.js, line 1: unreachable code after return statement
JavaScript warning: https://duckduckgo.com/d2828.js, line 1: unreachable code after return statement
1595958559561	Marionette	INFO	Stopped listening on port 53911

###!!! [Child][RunMessage] Error: Channel closing: too late to send/recv, messages will be lost


###!!! [Child][MessageChannel::SendAndWait] Error: Channel error: cannot send/recv

1596806948348	mozrunner::runner	INFO	Running command: "C:\\Program Files\\Mozilla Firefox\\firefox.exe" "-marionette" "-foreground" "-no-remote" "-profile" "C:\\Users\\admin\\AppData\\Local\\Temp\\rust_mozprofileo0nlfz"
JavaScript error: resource://gre/modules/XULStore.jsm, line 66: Error: Can't find profile directory.
console.error: SearchCache: "_readCacheFile: Error reading cache file:" (new Error("", "(unknown module)"))
1596806953081	Marionette	INFO	Listening on port 49941
1596806953086	Marionette	WARN	TLS certificate errors will be ignored for this session
1596806969811	Marionette	INFO	Stopped listening on port 49941

###!!! [Child][MessageChannel::SendAndWait] Error: Channel error: cannot send/recv

1596807058649	mozrunner::runner	INFO	Running command: "C:\\Program Files\\Mozilla Firefox\\firefox.exe" "-marionette" "-foreground" "-no-remote" "-profile" "C:\\Users\\admin\\AppData\\Local\\Temp\\rust_mozprofilekxv7Zh"
JavaScript error: resource://gre/modules/XULStore.jsm, line 66: Error: Can't find profile directory.
console.error: SearchCache: "_readCacheFile: Error reading cache file:" (new Error("", "(unknown module)"))
1596807062827	Marionette	INFO	Listening on port 50012
1596807062881	Marionette	WARN	TLS certificate errors will be ignored for this session
1596807078925	Marionette	INFO	Stopped listening on port 50012

###!!! [Child][RunMessage] Error: Channel closing: too late to send/recv, messages will be lost


###!!! [Child][MessageChannel::SendAndWait] Error: Channel error: cannot send/recv

